ERROR - 2023-12-18 02:49:20 --> mysqli_sql_exception: Table 'pgt.tourists_info' doesn't exist in C:\laragon\www\backend\system\Database\MySQLi\Connection.php:306
Stack trace:
#0 C:\laragon\www\backend\system\Database\MySQLi\Connection.php(306): mysqli->query('SELECT `tourist...', 0)
#1 C:\laragon\www\backend\system\Database\BaseConnection.php(692): CodeIgniter\Database\MySQLi\Connection->execute('SELECT `tourist...')
#2 C:\laragon\www\backend\system\Database\BaseConnection.php(606): CodeIgniter\Database\BaseConnection->simpleQuery('SELECT `tourist...')
#3 C:\laragon\www\backend\system\Database\BaseBuilder.php(1615): CodeIgniter\Database\BaseConnection->query('SELECT `tourist...', Array, false)
#4 C:\laragon\www\backend\system\Model.php(264): CodeIgniter\Database\BaseBuilder->get()
#5 C:\laragon\www\backend\system\BaseModel.php(662): CodeIgniter\Model->doFirst()
#6 C:\laragon\www\backend\app\Controllers\Authentication.php(366): CodeIgniter\BaseModel->first()
#7 C:\laragon\www\backend\system\CodeIgniter.php(919): App\Controllers\Authentication->Past_Booking()
#8 C:\laragon\www\backend\system\CodeIgniter.php(494): CodeIgniter\CodeIgniter->runController(Object(App\Controllers\Authentication))
#9 C:\laragon\www\backend\system\CodeIgniter.php(353): CodeIgniter\CodeIgniter->handleRequest(NULL, Object(Config\Cache), false)
#10 C:\laragon\www\backend\public\index.php(85): CodeIgniter\CodeIgniter->run()
#11 {main}
CRITICAL - 2023-12-18 02:49:20 --> Table 'pgt.tourists_info' doesn't exist
in SYSTEMPATH\Database\BaseConnection.php on line 646.
 1 SYSTEMPATH\Database\BaseBuilder.php(1615): CodeIgniter\Database\BaseConnection->query('SELECT `tourists_account`.`id`
FROM `account`
INNER JOIN `tourists_info` ON `tourists_info`.`user_id` = `tourists_account`.`id`
WHERE `token` = :token:
 LIMIT 1', [...], false)
 2 SYSTEMPATH\Model.php(264): CodeIgniter\Database\BaseBuilder->get()
 3 SYSTEMPATH\BaseModel.php(662): CodeIgniter\Model->doFirst()
 4 APPPATH\Controllers\Authentication.php(366): CodeIgniter\BaseModel->first()
 5 SYSTEMPATH\CodeIgniter.php(919): App\Controllers\Authentication->Past_Booking()
 6 SYSTEMPATH\CodeIgniter.php(494): CodeIgniter\CodeIgniter->runController(Object(App\Controllers\Authentication))
 7 SYSTEMPATH\CodeIgniter.php(353): CodeIgniter\CodeIgniter->handleRequest(null, Object(Config\Cache), false)
 8 FCPATH\index.php(85): CodeIgniter\CodeIgniter->run()
