CRITICAL - 2023-11-12 21:50:44 --> Attempt to read property "username" on null
in APPPATH\Controllers\Account.php on line 21.
 1 APPPATH\Controllers\Account.php(21): CodeIgniter\Debug\Exceptions->errorHandler(2, 'Attempt to read property "username" on null', 'C:\\laragon\\www\\backend\\app\\Controllers\\Account.php', 21)
 2 SYSTEMPATH\CodeIgniter.php(919): App\Controllers\Account->Register_Tourist()
 3 SYSTEMPATH\CodeIgniter.php(494): CodeIgniter\CodeIgniter->runController(Object(App\Controllers\Account))
 4 SYSTEMPATH\CodeIgniter.php(353): CodeIgniter\CodeIgniter->handleRequest(null, Object(Config\Cache), false)
 5 FCPATH\index.php(85): CodeIgniter\CodeIgniter->run()
CRITICAL - 2023-11-12 22:07:22 --> Undefined variable $username
in APPPATH\Controllers\Account.php on line 35.
 1 APPPATH\Controllers\Account.php(35): CodeIgniter\Debug\Exceptions->errorHandler(2, 'Undefined variable $username', 'C:\\laragon\\www\\backend\\app\\Controllers\\Account.php', 35)
 2 SYSTEMPATH\CodeIgniter.php(919): App\Controllers\Account->Register_Tourist()
 3 SYSTEMPATH\CodeIgniter.php(494): CodeIgniter\CodeIgniter->runController(Object(App\Controllers\Account))
 4 SYSTEMPATH\CodeIgniter.php(353): CodeIgniter\CodeIgniter->handleRequest(null, Object(Config\Cache), false)
 5 FCPATH\index.php(85): CodeIgniter\CodeIgniter->run()
CRITICAL - 2023-11-12 22:07:31 --> Undefined variable $username
in APPPATH\Controllers\Account.php on line 35.
 1 APPPATH\Controllers\Account.php(35): CodeIgniter\Debug\Exceptions->errorHandler(2, 'Undefined variable $username', 'C:\\laragon\\www\\backend\\app\\Controllers\\Account.php', 35)
 2 SYSTEMPATH\CodeIgniter.php(919): App\Controllers\Account->Register_Tourist()
 3 SYSTEMPATH\CodeIgniter.php(494): CodeIgniter\CodeIgniter->runController(Object(App\Controllers\Account))
 4 SYSTEMPATH\CodeIgniter.php(353): CodeIgniter\CodeIgniter->handleRequest(null, Object(Config\Cache), false)
 5 FCPATH\index.php(85): CodeIgniter\CodeIgniter->run()
CRITICAL - 2023-11-12 22:16:28 --> Undefined variable $username
in APPPATH\Controllers\Account.php on line 35.
 1 APPPATH\Controllers\Account.php(35): CodeIgniter\Debug\Exceptions->errorHandler(2, 'Undefined variable $username', 'C:\\laragon\\www\\backend\\app\\Controllers\\Account.php', 35)
 2 SYSTEMPATH\CodeIgniter.php(919): App\Controllers\Account->Register_Tourist()
 3 SYSTEMPATH\CodeIgniter.php(494): CodeIgniter\CodeIgniter->runController(Object(App\Controllers\Account))
 4 SYSTEMPATH\CodeIgniter.php(353): CodeIgniter\CodeIgniter->handleRequest(null, Object(Config\Cache), false)
 5 FCPATH\index.php(85): CodeIgniter\CodeIgniter->run()
CRITICAL - 2023-11-12 22:17:36 --> Undefined variable $username
in APPPATH\Controllers\Account.php on line 35.
 1 APPPATH\Controllers\Account.php(35): CodeIgniter\Debug\Exceptions->errorHandler(2, 'Undefined variable $username', 'C:\\laragon\\www\\backend\\app\\Controllers\\Account.php', 35)
 2 SYSTEMPATH\CodeIgniter.php(919): App\Controllers\Account->Register_Tourist()
 3 SYSTEMPATH\CodeIgniter.php(494): CodeIgniter\CodeIgniter->runController(Object(App\Controllers\Account))
 4 SYSTEMPATH\CodeIgniter.php(353): CodeIgniter\CodeIgniter->handleRequest(null, Object(Config\Cache), false)
 5 FCPATH\index.php(85): CodeIgniter\CodeIgniter->run()
CRITICAL - 2023-11-12 22:17:54 --> Undefined variable $username
in APPPATH\Controllers\Account.php on line 35.
 1 APPPATH\Controllers\Account.php(35): CodeIgniter\Debug\Exceptions->errorHandler(2, 'Undefined variable $username', 'C:\\laragon\\www\\backend\\app\\Controllers\\Account.php', 35)
 2 SYSTEMPATH\CodeIgniter.php(919): App\Controllers\Account->Register_Tourist()
 3 SYSTEMPATH\CodeIgniter.php(494): CodeIgniter\CodeIgniter->runController(Object(App\Controllers\Account))
 4 SYSTEMPATH\CodeIgniter.php(353): CodeIgniter\CodeIgniter->handleRequest(null, Object(Config\Cache), false)
 5 FCPATH\index.php(85): CodeIgniter\CodeIgniter->run()
CRITICAL - 2023-11-12 22:25:21 --> Undefined variable $username
in APPPATH\Controllers\Account.php on line 35.
 1 APPPATH\Controllers\Account.php(35): CodeIgniter\Debug\Exceptions->errorHandler(2, 'Undefined variable $username', 'C:\\laragon\\www\\backend\\app\\Controllers\\Account.php', 35)
 2 SYSTEMPATH\CodeIgniter.php(919): App\Controllers\Account->Register_Tourist()
 3 SYSTEMPATH\CodeIgniter.php(494): CodeIgniter\CodeIgniter->runController(Object(App\Controllers\Account))
 4 SYSTEMPATH\CodeIgniter.php(353): CodeIgniter\CodeIgniter->handleRequest(null, Object(Config\Cache), false)
 5 FCPATH\index.php(85): CodeIgniter\CodeIgniter->run()
CRITICAL - 2023-11-12 22:31:46 --> Undefined variable $username
in APPPATH\Controllers\Account.php on line 35.
 1 APPPATH\Controllers\Account.php(35): CodeIgniter\Debug\Exceptions->errorHandler(2, 'Undefined variable $username', 'C:\\laragon\\www\\backend\\app\\Controllers\\Account.php', 35)
 2 SYSTEMPATH\CodeIgniter.php(919): App\Controllers\Account->Register_Tourist()
 3 SYSTEMPATH\CodeIgniter.php(494): CodeIgniter\CodeIgniter->runController(Object(App\Controllers\Account))
 4 SYSTEMPATH\CodeIgniter.php(353): CodeIgniter\CodeIgniter->handleRequest(null, Object(Config\Cache), false)
 5 FCPATH\index.php(85): CodeIgniter\CodeIgniter->run()
CRITICAL - 2023-11-12 22:33:17 --> Undefined variable $errors
in APPPATH\Controllers\Account.php on line 41.
 1 APPPATH\Controllers\Account.php(41): CodeIgniter\Debug\Exceptions->errorHandler(2, 'Undefined variable $errors', 'C:\\laragon\\www\\backend\\app\\Controllers\\Account.php', 41)
 2 SYSTEMPATH\CodeIgniter.php(919): App\Controllers\Account->Register_Tourist()
 3 SYSTEMPATH\CodeIgniter.php(494): CodeIgniter\CodeIgniter->runController(Object(App\Controllers\Account))
 4 SYSTEMPATH\CodeIgniter.php(353): CodeIgniter\CodeIgniter->handleRequest(null, Object(Config\Cache), false)
 5 FCPATH\index.php(85): CodeIgniter\CodeIgniter->run()
