CRITICAL - 2023-11-13 07:42:34 --> Attempt to read property "username" on null
in APPPATH\Controllers\Account.php on line 61.
 1 APPPATH\Controllers\Account.php(61): CodeIgniter\Debug\Exceptions->errorHandler(2, 'Attempt to read property "username" on null', 'C:\\laragon\\www\\backend\\app\\Controllers\\Account.php', 61)
 2 SYSTEMPATH\CodeIgniter.php(919): App\Controllers\Account->Login_Tourist()
 3 SYSTEMPATH\CodeIgniter.php(494): CodeIgniter\CodeIgniter->runController(Object(App\Controllers\Account))
 4 SYSTEMPATH\CodeIgniter.php(353): CodeIgniter\CodeIgniter->handleRequest(null, Object(Config\Cache), false)
 5 FCPATH\index.php(85): CodeIgniter\CodeIgniter->run()
CRITICAL - 2023-11-13 07:46:13 --> Attempt to read property "password" on null
in APPPATH\Controllers\Account.php on line 67.
 1 APPPATH\Controllers\Account.php(67): CodeIgniter\Debug\Exceptions->errorHandler(2, 'Attempt to read property "password" on null', 'C:\\laragon\\www\\backend\\app\\Controllers\\Account.php', 67)
 2 SYSTEMPATH\CodeIgniter.php(919): App\Controllers\Account->Login_Tourist()
 3 SYSTEMPATH\CodeIgniter.php(494): CodeIgniter\CodeIgniter->runController(Object(App\Controllers\Account))
 4 SYSTEMPATH\CodeIgniter.php(353): CodeIgniter\CodeIgniter->handleRequest(null, Object(Config\Cache), false)
 5 FCPATH\index.php(85): CodeIgniter\CodeIgniter->run()
CRITICAL - 2023-11-13 07:49:03 --> password_verify() expects exactly 2 arguments, 1 given
in APPPATH\Controllers\Account.php on line 67.
 1 APPPATH\Controllers\Account.php(67): password_verify('lolololo')
 2 SYSTEMPATH\CodeIgniter.php(919): App\Controllers\Account->Login_Tourist()
 3 SYSTEMPATH\CodeIgniter.php(494): CodeIgniter\CodeIgniter->runController(Object(App\Controllers\Account))
 4 SYSTEMPATH\CodeIgniter.php(353): CodeIgniter\CodeIgniter->handleRequest(null, Object(Config\Cache), false)
 5 FCPATH\index.php(85): CodeIgniter\CodeIgniter->run()
CRITICAL - 2023-11-13 07:58:25 --> Undefined variable $auth_uname
in APPPATH\Controllers\Account.php on line 69.
 1 APPPATH\Controllers\Account.php(69): CodeIgniter\Debug\Exceptions->errorHandler(2, 'Undefined variable $auth_uname', 'C:\\laragon\\www\\backend\\app\\Controllers\\Account.php', 69)
 2 SYSTEMPATH\CodeIgniter.php(919): App\Controllers\Account->Login_Tourist()
 3 SYSTEMPATH\CodeIgniter.php(494): CodeIgniter\CodeIgniter->runController(Object(App\Controllers\Account))
 4 SYSTEMPATH\CodeIgniter.php(353): CodeIgniter\CodeIgniter->handleRequest(null, Object(Config\Cache), false)
 5 FCPATH\index.php(85): CodeIgniter\CodeIgniter->run()
CRITICAL - 2023-11-13 08:02:25 --> Undefined variable $auth_uname
in APPPATH\Controllers\Account.php on line 69.
 1 APPPATH\Controllers\Account.php(69): CodeIgniter\Debug\Exceptions->errorHandler(2, 'Undefined variable $auth_uname', 'C:\\laragon\\www\\backend\\app\\Controllers\\Account.php', 69)
 2 SYSTEMPATH\CodeIgniter.php(919): App\Controllers\Account->Login_Tourist()
 3 SYSTEMPATH\CodeIgniter.php(494): CodeIgniter\CodeIgniter->runController(Object(App\Controllers\Account))
 4 SYSTEMPATH\CodeIgniter.php(353): CodeIgniter\CodeIgniter->handleRequest(null, Object(Config\Cache), false)
 5 FCPATH\index.php(85): CodeIgniter\CodeIgniter->run()
CRITICAL - 2023-11-13 08:02:34 --> Undefined variable $auth_uname
in APPPATH\Controllers\Account.php on line 69.
 1 APPPATH\Controllers\Account.php(69): CodeIgniter\Debug\Exceptions->errorHandler(2, 'Undefined variable $auth_uname', 'C:\\laragon\\www\\backend\\app\\Controllers\\Account.php', 69)
 2 SYSTEMPATH\CodeIgniter.php(919): App\Controllers\Account->Login_Tourist()
 3 SYSTEMPATH\CodeIgniter.php(494): CodeIgniter\CodeIgniter->runController(Object(App\Controllers\Account))
 4 SYSTEMPATH\CodeIgniter.php(353): CodeIgniter\CodeIgniter->handleRequest(null, Object(Config\Cache), false)
 5 FCPATH\index.php(85): CodeIgniter\CodeIgniter->run()
CRITICAL - 2023-11-13 08:08:22 --> Undefined variable $temp_email
in APPPATH\Controllers\Account.php on line 69.
 1 APPPATH\Controllers\Account.php(69): CodeIgniter\Debug\Exceptions->errorHandler(2, 'Undefined variable $temp_email', 'C:\\laragon\\www\\backend\\app\\Controllers\\Account.php', 69)
 2 SYSTEMPATH\CodeIgniter.php(919): App\Controllers\Account->Login_Tourist()
 3 SYSTEMPATH\CodeIgniter.php(494): CodeIgniter\CodeIgniter->runController(Object(App\Controllers\Account))
 4 SYSTEMPATH\CodeIgniter.php(353): CodeIgniter\CodeIgniter->handleRequest(null, Object(Config\Cache), false)
 5 FCPATH\index.php(85): CodeIgniter\CodeIgniter->run()
CRITICAL - 2023-11-13 08:10:40 --> Undefined variable $temp_user
in APPPATH\Controllers\Account.php on line 68.
 1 APPPATH\Controllers\Account.php(68): CodeIgniter\Debug\Exceptions->errorHandler(2, 'Undefined variable $temp_user', 'C:\\laragon\\www\\backend\\app\\Controllers\\Account.php', 68)
 2 SYSTEMPATH\CodeIgniter.php(919): App\Controllers\Account->Login_Tourist()
 3 SYSTEMPATH\CodeIgniter.php(494): CodeIgniter\CodeIgniter->runController(Object(App\Controllers\Account))
 4 SYSTEMPATH\CodeIgniter.php(353): CodeIgniter\CodeIgniter->handleRequest(null, Object(Config\Cache), false)
 5 FCPATH\index.php(85): CodeIgniter\CodeIgniter->run()
CRITICAL - 2023-11-13 08:10:51 --> Undefined variable $temp_pass
in APPPATH\Controllers\Account.php on line 74.
 1 APPPATH\Controllers\Account.php(74): CodeIgniter\Debug\Exceptions->errorHandler(2, 'Undefined variable $temp_pass', 'C:\\laragon\\www\\backend\\app\\Controllers\\Account.php', 74)
 2 SYSTEMPATH\CodeIgniter.php(919): App\Controllers\Account->Login_Tourist()
 3 SYSTEMPATH\CodeIgniter.php(494): CodeIgniter\CodeIgniter->runController(Object(App\Controllers\Account))
 4 SYSTEMPATH\CodeIgniter.php(353): CodeIgniter\CodeIgniter->handleRequest(null, Object(Config\Cache), false)
 5 FCPATH\index.php(85): CodeIgniter\CodeIgniter->run()
CRITICAL - 2023-11-13 08:19:31 --> Undefined variable $temp_email
in APPPATH\Controllers\Account.php on line 69.
 1 APPPATH\Controllers\Account.php(69): CodeIgniter\Debug\Exceptions->errorHandler(2, 'Undefined variable $temp_email', 'C:\\laragon\\www\\backend\\app\\Controllers\\Account.php', 69)
 2 SYSTEMPATH\CodeIgniter.php(919): App\Controllers\Account->Login_Tourist()
 3 SYSTEMPATH\CodeIgniter.php(494): CodeIgniter\CodeIgniter->runController(Object(App\Controllers\Account))
 4 SYSTEMPATH\CodeIgniter.php(353): CodeIgniter\CodeIgniter->handleRequest(null, Object(Config\Cache), false)
 5 FCPATH\index.php(85): CodeIgniter\CodeIgniter->run()
CRITICAL - 2023-11-13 08:19:35 --> Attempt to read property "password" on null
in APPPATH\Controllers\Account.php on line 67.
 1 APPPATH\Controllers\Account.php(67): CodeIgniter\Debug\Exceptions->errorHandler(2, 'Attempt to read property "password" on null', 'C:\\laragon\\www\\backend\\app\\Controllers\\Account.php', 67)
 2 SYSTEMPATH\CodeIgniter.php(919): App\Controllers\Account->Login_Tourist()
 3 SYSTEMPATH\CodeIgniter.php(494): CodeIgniter\CodeIgniter->runController(Object(App\Controllers\Account))
 4 SYSTEMPATH\CodeIgniter.php(353): CodeIgniter\CodeIgniter->handleRequest(null, Object(Config\Cache), false)
 5 FCPATH\index.php(85): CodeIgniter\CodeIgniter->run()
CRITICAL - 2023-11-13 08:19:41 --> Undefined variable $temp_email
in APPPATH\Controllers\Account.php on line 69.
 1 APPPATH\Controllers\Account.php(69): CodeIgniter\Debug\Exceptions->errorHandler(2, 'Undefined variable $temp_email', 'C:\\laragon\\www\\backend\\app\\Controllers\\Account.php', 69)
 2 SYSTEMPATH\CodeIgniter.php(919): App\Controllers\Account->Login_Tourist()
 3 SYSTEMPATH\CodeIgniter.php(494): CodeIgniter\CodeIgniter->runController(Object(App\Controllers\Account))
 4 SYSTEMPATH\CodeIgniter.php(353): CodeIgniter\CodeIgniter->handleRequest(null, Object(Config\Cache), false)
 5 FCPATH\index.php(85): CodeIgniter\CodeIgniter->run()
CRITICAL - 2023-11-13 08:19:51 --> Attempt to read property "password" on null
in APPPATH\Controllers\Account.php on line 67.
 1 APPPATH\Controllers\Account.php(67): CodeIgniter\Debug\Exceptions->errorHandler(2, 'Attempt to read property "password" on null', 'C:\\laragon\\www\\backend\\app\\Controllers\\Account.php', 67)
 2 SYSTEMPATH\CodeIgniter.php(919): App\Controllers\Account->Login_Tourist()
 3 SYSTEMPATH\CodeIgniter.php(494): CodeIgniter\CodeIgniter->runController(Object(App\Controllers\Account))
 4 SYSTEMPATH\CodeIgniter.php(353): CodeIgniter\CodeIgniter->handleRequest(null, Object(Config\Cache), false)
 5 FCPATH\index.php(85): CodeIgniter\CodeIgniter->run()
CRITICAL - 2023-11-13 08:23:15 --> Undefined variable $temp_email
in APPPATH\Controllers\Account.php on line 69.
 1 APPPATH\Controllers\Account.php(69): CodeIgniter\Debug\Exceptions->errorHandler(2, 'Undefined variable $temp_email', 'C:\\laragon\\www\\backend\\app\\Controllers\\Account.php', 69)
 2 SYSTEMPATH\CodeIgniter.php(919): App\Controllers\Account->Login_Tourist()
 3 SYSTEMPATH\CodeIgniter.php(494): CodeIgniter\CodeIgniter->runController(Object(App\Controllers\Account))
 4 SYSTEMPATH\CodeIgniter.php(353): CodeIgniter\CodeIgniter->handleRequest(null, Object(Config\Cache), false)
 5 FCPATH\index.php(85): CodeIgniter\CodeIgniter->run()
CRITICAL - 2023-11-13 08:25:57 --> Undefined variable $temp_email
in APPPATH\Controllers\Account.php on line 69.
 1 APPPATH\Controllers\Account.php(69): CodeIgniter\Debug\Exceptions->errorHandler(2, 'Undefined variable $temp_email', 'C:\\laragon\\www\\backend\\app\\Controllers\\Account.php', 69)
 2 SYSTEMPATH\CodeIgniter.php(919): App\Controllers\Account->Login_Tourist()
 3 SYSTEMPATH\CodeIgniter.php(494): CodeIgniter\CodeIgniter->runController(Object(App\Controllers\Account))
 4 SYSTEMPATH\CodeIgniter.php(353): CodeIgniter\CodeIgniter->handleRequest(null, Object(Config\Cache), false)
 5 FCPATH\index.php(85): CodeIgniter\CodeIgniter->run()
CRITICAL - 2023-11-13 08:26:07 --> Undefined variable $temp_email
in APPPATH\Controllers\Account.php on line 69.
 1 APPPATH\Controllers\Account.php(69): CodeIgniter\Debug\Exceptions->errorHandler(2, 'Undefined variable $temp_email', 'C:\\laragon\\www\\backend\\app\\Controllers\\Account.php', 69)
 2 SYSTEMPATH\CodeIgniter.php(919): App\Controllers\Account->Login_Tourist()
 3 SYSTEMPATH\CodeIgniter.php(494): CodeIgniter\CodeIgniter->runController(Object(App\Controllers\Account))
 4 SYSTEMPATH\CodeIgniter.php(353): CodeIgniter\CodeIgniter->handleRequest(null, Object(Config\Cache), false)
 5 FCPATH\index.php(85): CodeIgniter\CodeIgniter->run()
CRITICAL - 2023-11-13 08:26:10 --> Undefined variable $temp_email
in APPPATH\Controllers\Account.php on line 69.
 1 APPPATH\Controllers\Account.php(69): CodeIgniter\Debug\Exceptions->errorHandler(2, 'Undefined variable $temp_email', 'C:\\laragon\\www\\backend\\app\\Controllers\\Account.php', 69)
 2 SYSTEMPATH\CodeIgniter.php(919): App\Controllers\Account->Login_Tourist()
 3 SYSTEMPATH\CodeIgniter.php(494): CodeIgniter\CodeIgniter->runController(Object(App\Controllers\Account))
 4 SYSTEMPATH\CodeIgniter.php(353): CodeIgniter\CodeIgniter->handleRequest(null, Object(Config\Cache), false)
 5 FCPATH\index.php(85): CodeIgniter\CodeIgniter->run()
CRITICAL - 2023-11-13 08:26:11 --> Undefined variable $temp_email
in APPPATH\Controllers\Account.php on line 69.
 1 APPPATH\Controllers\Account.php(69): CodeIgniter\Debug\Exceptions->errorHandler(2, 'Undefined variable $temp_email', 'C:\\laragon\\www\\backend\\app\\Controllers\\Account.php', 69)
 2 SYSTEMPATH\CodeIgniter.php(919): App\Controllers\Account->Login_Tourist()
 3 SYSTEMPATH\CodeIgniter.php(494): CodeIgniter\CodeIgniter->runController(Object(App\Controllers\Account))
 4 SYSTEMPATH\CodeIgniter.php(353): CodeIgniter\CodeIgniter->handleRequest(null, Object(Config\Cache), false)
 5 FCPATH\index.php(85): CodeIgniter\CodeIgniter->run()
CRITICAL - 2023-11-13 08:26:11 --> Undefined variable $temp_email
in APPPATH\Controllers\Account.php on line 69.
 1 APPPATH\Controllers\Account.php(69): CodeIgniter\Debug\Exceptions->errorHandler(2, 'Undefined variable $temp_email', 'C:\\laragon\\www\\backend\\app\\Controllers\\Account.php', 69)
 2 SYSTEMPATH\CodeIgniter.php(919): App\Controllers\Account->Login_Tourist()
 3 SYSTEMPATH\CodeIgniter.php(494): CodeIgniter\CodeIgniter->runController(Object(App\Controllers\Account))
 4 SYSTEMPATH\CodeIgniter.php(353): CodeIgniter\CodeIgniter->handleRequest(null, Object(Config\Cache), false)
 5 FCPATH\index.php(85): CodeIgniter\CodeIgniter->run()
CRITICAL - 2023-11-13 08:28:05 --> Undefined variable $temp_email
in APPPATH\Controllers\Account.php on line 69.
 1 APPPATH\Controllers\Account.php(69): CodeIgniter\Debug\Exceptions->errorHandler(2, 'Undefined variable $temp_email', 'C:\\laragon\\www\\backend\\app\\Controllers\\Account.php', 69)
 2 SYSTEMPATH\CodeIgniter.php(919): App\Controllers\Account->Login_Tourist()
 3 SYSTEMPATH\CodeIgniter.php(494): CodeIgniter\CodeIgniter->runController(Object(App\Controllers\Account))
 4 SYSTEMPATH\CodeIgniter.php(353): CodeIgniter\CodeIgniter->handleRequest(null, Object(Config\Cache), false)
 5 FCPATH\index.php(85): CodeIgniter\CodeIgniter->run()
CRITICAL - 2023-11-13 08:35:20 --> Attempt to read property "password" on null
in APPPATH\Controllers\Account.php on line 67.
 1 APPPATH\Controllers\Account.php(67): CodeIgniter\Debug\Exceptions->errorHandler(2, 'Attempt to read property "password" on null', 'C:\\laragon\\www\\backend\\app\\Controllers\\Account.php', 67)
 2 SYSTEMPATH\CodeIgniter.php(919): App\Controllers\Account->Login_Tourist()
 3 SYSTEMPATH\CodeIgniter.php(494): CodeIgniter\CodeIgniter->runController(Object(App\Controllers\Account))
 4 SYSTEMPATH\CodeIgniter.php(353): CodeIgniter\CodeIgniter->handleRequest(null, Object(Config\Cache), false)
 5 FCPATH\index.php(85): CodeIgniter\CodeIgniter->run()
CRITICAL - 2023-11-13 08:37:48 --> Attempt to read property "password" on null
in APPPATH\Controllers\Account.php on line 67.
 1 APPPATH\Controllers\Account.php(67): CodeIgniter\Debug\Exceptions->errorHandler(2, 'Attempt to read property "password" on null', 'C:\\laragon\\www\\backend\\app\\Controllers\\Account.php', 67)
 2 SYSTEMPATH\CodeIgniter.php(919): App\Controllers\Account->Login_Tourist()
 3 SYSTEMPATH\CodeIgniter.php(494): CodeIgniter\CodeIgniter->runController(Object(App\Controllers\Account))
 4 SYSTEMPATH\CodeIgniter.php(353): CodeIgniter\CodeIgniter->handleRequest(null, Object(Config\Cache), false)
 5 FCPATH\index.php(85): CodeIgniter\CodeIgniter->run()
CRITICAL - 2023-11-13 08:38:27 --> Attempt to read property "password" on null
in APPPATH\Controllers\Account.php on line 67.
 1 APPPATH\Controllers\Account.php(67): CodeIgniter\Debug\Exceptions->errorHandler(2, 'Attempt to read property "password" on null', 'C:\\laragon\\www\\backend\\app\\Controllers\\Account.php', 67)
 2 SYSTEMPATH\CodeIgniter.php(919): App\Controllers\Account->Login_Tourist()
 3 SYSTEMPATH\CodeIgniter.php(494): CodeIgniter\CodeIgniter->runController(Object(App\Controllers\Account))
 4 SYSTEMPATH\CodeIgniter.php(353): CodeIgniter\CodeIgniter->handleRequest(null, Object(Config\Cache), false)
 5 FCPATH\index.php(85): CodeIgniter\CodeIgniter->run()
CRITICAL - 2023-11-13 08:39:15 --> Attempt to read property "password" on null
in APPPATH\Controllers\Account.php on line 67.
 1 APPPATH\Controllers\Account.php(67): CodeIgniter\Debug\Exceptions->errorHandler(2, 'Attempt to read property "password" on null', 'C:\\laragon\\www\\backend\\app\\Controllers\\Account.php', 67)
 2 SYSTEMPATH\CodeIgniter.php(919): App\Controllers\Account->Login_Tourist()
 3 SYSTEMPATH\CodeIgniter.php(494): CodeIgniter\CodeIgniter->runController(Object(App\Controllers\Account))
 4 SYSTEMPATH\CodeIgniter.php(353): CodeIgniter\CodeIgniter->handleRequest(null, Object(Config\Cache), false)
 5 FCPATH\index.php(85): CodeIgniter\CodeIgniter->run()
CRITICAL - 2023-11-13 08:39:37 --> Attempt to read property "password" on null
in APPPATH\Controllers\Account.php on line 67.
 1 APPPATH\Controllers\Account.php(67): CodeIgniter\Debug\Exceptions->errorHandler(2, 'Attempt to read property "password" on null', 'C:\\laragon\\www\\backend\\app\\Controllers\\Account.php', 67)
 2 SYSTEMPATH\CodeIgniter.php(919): App\Controllers\Account->Login_Tourist()
 3 SYSTEMPATH\CodeIgniter.php(494): CodeIgniter\CodeIgniter->runController(Object(App\Controllers\Account))
 4 SYSTEMPATH\CodeIgniter.php(353): CodeIgniter\CodeIgniter->handleRequest(null, Object(Config\Cache), false)
 5 FCPATH\index.php(85): CodeIgniter\CodeIgniter->run()
CRITICAL - 2023-11-13 08:40:13 --> Attempt to read property "password" on null
in APPPATH\Controllers\Account.php on line 67.
 1 APPPATH\Controllers\Account.php(67): CodeIgniter\Debug\Exceptions->errorHandler(2, 'Attempt to read property "password" on null', 'C:\\laragon\\www\\backend\\app\\Controllers\\Account.php', 67)
 2 SYSTEMPATH\CodeIgniter.php(919): App\Controllers\Account->Login_Tourist()
 3 SYSTEMPATH\CodeIgniter.php(494): CodeIgniter\CodeIgniter->runController(Object(App\Controllers\Account))
 4 SYSTEMPATH\CodeIgniter.php(353): CodeIgniter\CodeIgniter->handleRequest(null, Object(Config\Cache), false)
 5 FCPATH\index.php(85): CodeIgniter\CodeIgniter->run()
CRITICAL - 2023-11-13 08:41:29 --> Attempt to read property "password" on null
in APPPATH\Controllers\Account.php on line 67.
 1 APPPATH\Controllers\Account.php(67): CodeIgniter\Debug\Exceptions->errorHandler(2, 'Attempt to read property "password" on null', 'C:\\laragon\\www\\backend\\app\\Controllers\\Account.php', 67)
 2 SYSTEMPATH\CodeIgniter.php(919): App\Controllers\Account->Login_Tourist()
 3 SYSTEMPATH\CodeIgniter.php(494): CodeIgniter\CodeIgniter->runController(Object(App\Controllers\Account))
 4 SYSTEMPATH\CodeIgniter.php(353): CodeIgniter\CodeIgniter->handleRequest(null, Object(Config\Cache), false)
 5 FCPATH\index.php(85): CodeIgniter\CodeIgniter->run()
CRITICAL - 2023-11-13 08:41:37 --> Attempt to read property "password" on null
in APPPATH\Controllers\Account.php on line 67.
 1 APPPATH\Controllers\Account.php(67): CodeIgniter\Debug\Exceptions->errorHandler(2, 'Attempt to read property "password" on null', 'C:\\laragon\\www\\backend\\app\\Controllers\\Account.php', 67)
 2 SYSTEMPATH\CodeIgniter.php(919): App\Controllers\Account->Login_Tourist()
 3 SYSTEMPATH\CodeIgniter.php(494): CodeIgniter\CodeIgniter->runController(Object(App\Controllers\Account))
 4 SYSTEMPATH\CodeIgniter.php(353): CodeIgniter\CodeIgniter->handleRequest(null, Object(Config\Cache), false)
 5 FCPATH\index.php(85): CodeIgniter\CodeIgniter->run()
CRITICAL - 2023-11-13 08:41:44 --> Attempt to read property "password" on null
in APPPATH\Controllers\Account.php on line 67.
 1 APPPATH\Controllers\Account.php(67): CodeIgniter\Debug\Exceptions->errorHandler(2, 'Attempt to read property "password" on null', 'C:\\laragon\\www\\backend\\app\\Controllers\\Account.php', 67)
 2 SYSTEMPATH\CodeIgniter.php(919): App\Controllers\Account->Login_Tourist()
 3 SYSTEMPATH\CodeIgniter.php(494): CodeIgniter\CodeIgniter->runController(Object(App\Controllers\Account))
 4 SYSTEMPATH\CodeIgniter.php(353): CodeIgniter\CodeIgniter->handleRequest(null, Object(Config\Cache), false)
 5 FCPATH\index.php(85): CodeIgniter\CodeIgniter->run()
CRITICAL - 2023-11-13 08:42:07 --> Undefined variable $temp_email
in APPPATH\Controllers\Account.php on line 69.
 1 APPPATH\Controllers\Account.php(69): CodeIgniter\Debug\Exceptions->errorHandler(2, 'Undefined variable $temp_email', 'C:\\laragon\\www\\backend\\app\\Controllers\\Account.php', 69)
 2 SYSTEMPATH\CodeIgniter.php(919): App\Controllers\Account->Login_Tourist()
 3 SYSTEMPATH\CodeIgniter.php(494): CodeIgniter\CodeIgniter->runController(Object(App\Controllers\Account))
 4 SYSTEMPATH\CodeIgniter.php(353): CodeIgniter\CodeIgniter->handleRequest(null, Object(Config\Cache), false)
 5 FCPATH\index.php(85): CodeIgniter\CodeIgniter->run()
CRITICAL - 2023-11-13 08:42:19 --> Undefined variable $temp_email
in APPPATH\Controllers\Account.php on line 69.
 1 APPPATH\Controllers\Account.php(69): CodeIgniter\Debug\Exceptions->errorHandler(2, 'Undefined variable $temp_email', 'C:\\laragon\\www\\backend\\app\\Controllers\\Account.php', 69)
 2 SYSTEMPATH\CodeIgniter.php(919): App\Controllers\Account->Login_Tourist()
 3 SYSTEMPATH\CodeIgniter.php(494): CodeIgniter\CodeIgniter->runController(Object(App\Controllers\Account))
 4 SYSTEMPATH\CodeIgniter.php(353): CodeIgniter\CodeIgniter->handleRequest(null, Object(Config\Cache), false)
 5 FCPATH\index.php(85): CodeIgniter\CodeIgniter->run()
CRITICAL - 2023-11-13 08:44:07 --> Undefined variable $temp_email
in APPPATH\Controllers\Account.php on line 69.
 1 APPPATH\Controllers\Account.php(69): CodeIgniter\Debug\Exceptions->errorHandler(2, 'Undefined variable $temp_email', 'C:\\laragon\\www\\backend\\app\\Controllers\\Account.php', 69)
 2 SYSTEMPATH\CodeIgniter.php(919): App\Controllers\Account->Login_Tourist()
 3 SYSTEMPATH\CodeIgniter.php(494): CodeIgniter\CodeIgniter->runController(Object(App\Controllers\Account))
 4 SYSTEMPATH\CodeIgniter.php(353): CodeIgniter\CodeIgniter->handleRequest(null, Object(Config\Cache), false)
 5 FCPATH\index.php(85): CodeIgniter\CodeIgniter->run()
CRITICAL - 2023-11-13 08:46:14 --> Undefined variable $test_uname
in APPPATH\Controllers\Account.php on line 71.
 1 APPPATH\Controllers\Account.php(71): CodeIgniter\Debug\Exceptions->errorHandler(2, 'Undefined variable $test_uname', 'C:\\laragon\\www\\backend\\app\\Controllers\\Account.php', 71)
 2 SYSTEMPATH\CodeIgniter.php(919): App\Controllers\Account->Login_Tourist()
 3 SYSTEMPATH\CodeIgniter.php(494): CodeIgniter\CodeIgniter->runController(Object(App\Controllers\Account))
 4 SYSTEMPATH\CodeIgniter.php(353): CodeIgniter\CodeIgniter->handleRequest(null, Object(Config\Cache), false)
 5 FCPATH\index.php(85): CodeIgniter\CodeIgniter->run()
CRITICAL - 2023-11-13 08:46:40 --> Undefined array key "password"
in APPPATH\Controllers\Account.php on line 71.
 1 APPPATH\Controllers\Account.php(71): CodeIgniter\Debug\Exceptions->errorHandler(2, 'Undefined array key "password"', 'C:\\laragon\\www\\backend\\app\\Controllers\\Account.php', 71)
 2 SYSTEMPATH\CodeIgniter.php(919): App\Controllers\Account->Login_Tourist()
 3 SYSTEMPATH\CodeIgniter.php(494): CodeIgniter\CodeIgniter->runController(Object(App\Controllers\Account))
 4 SYSTEMPATH\CodeIgniter.php(353): CodeIgniter\CodeIgniter->handleRequest(null, Object(Config\Cache), false)
 5 FCPATH\index.php(85): CodeIgniter\CodeIgniter->run()
CRITICAL - 2023-11-13 08:55:09 --> Undefined variable $temp_email
in APPPATH\Controllers\Account.php on line 72.
 1 APPPATH\Controllers\Account.php(72): CodeIgniter\Debug\Exceptions->errorHandler(2, 'Undefined variable $temp_email', 'C:\\laragon\\www\\backend\\app\\Controllers\\Account.php', 72)
 2 SYSTEMPATH\CodeIgniter.php(919): App\Controllers\Account->Login_Tourist()
 3 SYSTEMPATH\CodeIgniter.php(494): CodeIgniter\CodeIgniter->runController(Object(App\Controllers\Account))
 4 SYSTEMPATH\CodeIgniter.php(353): CodeIgniter\CodeIgniter->handleRequest(null, Object(Config\Cache), false)
 5 FCPATH\index.php(85): CodeIgniter\CodeIgniter->run()
CRITICAL - 2023-11-13 08:55:30 --> Undefined array key "password"
in APPPATH\Controllers\Account.php on line 77.
 1 APPPATH\Controllers\Account.php(77): CodeIgniter\Debug\Exceptions->errorHandler(2, 'Undefined array key "password"', 'C:\\laragon\\www\\backend\\app\\Controllers\\Account.php', 77)
 2 SYSTEMPATH\CodeIgniter.php(919): App\Controllers\Account->Login_Tourist()
 3 SYSTEMPATH\CodeIgniter.php(494): CodeIgniter\CodeIgniter->runController(Object(App\Controllers\Account))
 4 SYSTEMPATH\CodeIgniter.php(353): CodeIgniter\CodeIgniter->handleRequest(null, Object(Config\Cache), false)
 5 FCPATH\index.php(85): CodeIgniter\CodeIgniter->run()
CRITICAL - 2023-11-13 09:02:12 --> Undefined variable $temp_email
in APPPATH\Controllers\Account.php on line 71.
 1 APPPATH\Controllers\Account.php(71): CodeIgniter\Debug\Exceptions->errorHandler(2, 'Undefined variable $temp_email', 'C:\\laragon\\www\\backend\\app\\Controllers\\Account.php', 71)
 2 SYSTEMPATH\CodeIgniter.php(919): App\Controllers\Account->Login_Tourist()
 3 SYSTEMPATH\CodeIgniter.php(494): CodeIgniter\CodeIgniter->runController(Object(App\Controllers\Account))
 4 SYSTEMPATH\CodeIgniter.php(353): CodeIgniter\CodeIgniter->handleRequest(null, Object(Config\Cache), false)
 5 FCPATH\index.php(85): CodeIgniter\CodeIgniter->run()
CRITICAL - 2023-11-13 09:07:15 --> Undefined variable $temp_email
in APPPATH\Controllers\Account.php on line 72.
 1 APPPATH\Controllers\Account.php(72): CodeIgniter\Debug\Exceptions->errorHandler(2, 'Undefined variable $temp_email', 'C:\\laragon\\www\\backend\\app\\Controllers\\Account.php', 72)
 2 SYSTEMPATH\CodeIgniter.php(919): App\Controllers\Account->Login_Tourist()
 3 SYSTEMPATH\CodeIgniter.php(494): CodeIgniter\CodeIgniter->runController(Object(App\Controllers\Account))
 4 SYSTEMPATH\CodeIgniter.php(353): CodeIgniter\CodeIgniter->handleRequest(null, Object(Config\Cache), false)
 5 FCPATH\index.php(85): CodeIgniter\CodeIgniter->run()
CRITICAL - 2023-11-13 09:08:18 --> Undefined variable $temp_email
in APPPATH\Controllers\Account.php on line 72.
 1 APPPATH\Controllers\Account.php(72): CodeIgniter\Debug\Exceptions->errorHandler(2, 'Undefined variable $temp_email', 'C:\\laragon\\www\\backend\\app\\Controllers\\Account.php', 72)
 2 SYSTEMPATH\CodeIgniter.php(919): App\Controllers\Account->Login_Tourist()
 3 SYSTEMPATH\CodeIgniter.php(494): CodeIgniter\CodeIgniter->runController(Object(App\Controllers\Account))
 4 SYSTEMPATH\CodeIgniter.php(353): CodeIgniter\CodeIgniter->handleRequest(null, Object(Config\Cache), false)
 5 FCPATH\index.php(85): CodeIgniter\CodeIgniter->run()
CRITICAL - 2023-11-13 09:08:55 --> Attempt to read property "password" on null
in APPPATH\Controllers\Account.php on line 70.
 1 APPPATH\Controllers\Account.php(70): CodeIgniter\Debug\Exceptions->errorHandler(2, 'Attempt to read property "password" on null', 'C:\\laragon\\www\\backend\\app\\Controllers\\Account.php', 70)
 2 SYSTEMPATH\CodeIgniter.php(919): App\Controllers\Account->Login_Tourist()
 3 SYSTEMPATH\CodeIgniter.php(494): CodeIgniter\CodeIgniter->runController(Object(App\Controllers\Account))
 4 SYSTEMPATH\CodeIgniter.php(353): CodeIgniter\CodeIgniter->handleRequest(null, Object(Config\Cache), false)
 5 FCPATH\index.php(85): CodeIgniter\CodeIgniter->run()
CRITICAL - 2023-11-13 09:11:12 --> Undefined variable $temp_pass
in APPPATH\Controllers\Account.php on line 100.
 1 APPPATH\Controllers\Account.php(100): CodeIgniter\Debug\Exceptions->errorHandler(2, 'Undefined variable $temp_pass', 'C:\\laragon\\www\\backend\\app\\Controllers\\Account.php', 100)
 2 SYSTEMPATH\CodeIgniter.php(919): App\Controllers\Account->Login_Tourist()
 3 SYSTEMPATH\CodeIgniter.php(494): CodeIgniter\CodeIgniter->runController(Object(App\Controllers\Account))
 4 SYSTEMPATH\CodeIgniter.php(353): CodeIgniter\CodeIgniter->handleRequest(null, Object(Config\Cache), false)
 5 FCPATH\index.php(85): CodeIgniter\CodeIgniter->run()
CRITICAL - 2023-11-13 09:11:29 --> Undefined array key "password"
in APPPATH\Controllers\Account.php on line 100.
 1 APPPATH\Controllers\Account.php(100): CodeIgniter\Debug\Exceptions->errorHandler(2, 'Undefined array key "password"', 'C:\\laragon\\www\\backend\\app\\Controllers\\Account.php', 100)
 2 SYSTEMPATH\CodeIgniter.php(919): App\Controllers\Account->Login_Tourist()
 3 SYSTEMPATH\CodeIgniter.php(494): CodeIgniter\CodeIgniter->runController(Object(App\Controllers\Account))
 4 SYSTEMPATH\CodeIgniter.php(353): CodeIgniter\CodeIgniter->handleRequest(null, Object(Config\Cache), false)
 5 FCPATH\index.php(85): CodeIgniter\CodeIgniter->run()
CRITICAL - 2023-11-13 09:11:52 --> Undefined array key "email"
in APPPATH\Controllers\Account.php on line 103.
 1 APPPATH\Controllers\Account.php(103): CodeIgniter\Debug\Exceptions->errorHandler(2, 'Undefined array key "email"', 'C:\\laragon\\www\\backend\\app\\Controllers\\Account.php', 103)
 2 SYSTEMPATH\CodeIgniter.php(919): App\Controllers\Account->Login_Tourist()
 3 SYSTEMPATH\CodeIgniter.php(494): CodeIgniter\CodeIgniter->runController(Object(App\Controllers\Account))
 4 SYSTEMPATH\CodeIgniter.php(353): CodeIgniter\CodeIgniter->handleRequest(null, Object(Config\Cache), false)
 5 FCPATH\index.php(85): CodeIgniter\CodeIgniter->run()
CRITICAL - 2023-11-13 09:12:07 --> Undefined array key "id"
in APPPATH\Controllers\Account.php on line 105.
 1 APPPATH\Controllers\Account.php(105): CodeIgniter\Debug\Exceptions->errorHandler(2, 'Undefined array key "id"', 'C:\\laragon\\www\\backend\\app\\Controllers\\Account.php', 105)
 2 SYSTEMPATH\CodeIgniter.php(919): App\Controllers\Account->Login_Tourist()
 3 SYSTEMPATH\CodeIgniter.php(494): CodeIgniter\CodeIgniter->runController(Object(App\Controllers\Account))
 4 SYSTEMPATH\CodeIgniter.php(353): CodeIgniter\CodeIgniter->handleRequest(null, Object(Config\Cache), false)
 5 FCPATH\index.php(85): CodeIgniter\CodeIgniter->run()
CRITICAL - 2023-11-13 09:13:15 --> Undefined array key "id"
in APPPATH\Controllers\Account.php on line 105.
 1 APPPATH\Controllers\Account.php(105): CodeIgniter\Debug\Exceptions->errorHandler(2, 'Undefined array key "id"', 'C:\\laragon\\www\\backend\\app\\Controllers\\Account.php', 105)
 2 SYSTEMPATH\CodeIgniter.php(919): App\Controllers\Account->Login_Tourist()
 3 SYSTEMPATH\CodeIgniter.php(494): CodeIgniter\CodeIgniter->runController(Object(App\Controllers\Account))
 4 SYSTEMPATH\CodeIgniter.php(353): CodeIgniter\CodeIgniter->handleRequest(null, Object(Config\Cache), false)
 5 FCPATH\index.php(85): CodeIgniter\CodeIgniter->run()
CRITICAL - 2023-11-13 09:14:25 --> Undefined array key 1
in APPPATH\Controllers\Account.php on line 106.
 1 APPPATH\Controllers\Account.php(106): CodeIgniter\Debug\Exceptions->errorHandler(2, 'Undefined array key 1', 'C:\\laragon\\www\\backend\\app\\Controllers\\Account.php', 106)
 2 SYSTEMPATH\CodeIgniter.php(919): App\Controllers\Account->Login_Tourist()
 3 SYSTEMPATH\CodeIgniter.php(494): CodeIgniter\CodeIgniter->runController(Object(App\Controllers\Account))
 4 SYSTEMPATH\CodeIgniter.php(353): CodeIgniter\CodeIgniter->handleRequest(null, Object(Config\Cache), false)
 5 FCPATH\index.php(85): CodeIgniter\CodeIgniter->run()
CRITICAL - 2023-11-13 09:17:19 --> Undefined array key 1
in APPPATH\Controllers\Account.php on line 108.
 1 APPPATH\Controllers\Account.php(108): CodeIgniter\Debug\Exceptions->errorHandler(2, 'Undefined array key 1', 'C:\\laragon\\www\\backend\\app\\Controllers\\Account.php', 108)
 2 SYSTEMPATH\CodeIgniter.php(919): App\Controllers\Account->Login_Tourist()
 3 SYSTEMPATH\CodeIgniter.php(494): CodeIgniter\CodeIgniter->runController(Object(App\Controllers\Account))
 4 SYSTEMPATH\CodeIgniter.php(353): CodeIgniter\CodeIgniter->handleRequest(null, Object(Config\Cache), false)
 5 FCPATH\index.php(85): CodeIgniter\CodeIgniter->run()
CRITICAL - 2023-11-13 09:18:29 --> Undefined array key "id"
in APPPATH\Controllers\Account.php on line 107.
 1 APPPATH\Controllers\Account.php(107): CodeIgniter\Debug\Exceptions->errorHandler(2, 'Undefined array key "id"', 'C:\\laragon\\www\\backend\\app\\Controllers\\Account.php', 107)
 2 SYSTEMPATH\CodeIgniter.php(919): App\Controllers\Account->Login_Tourist()
 3 SYSTEMPATH\CodeIgniter.php(494): CodeIgniter\CodeIgniter->runController(Object(App\Controllers\Account))
 4 SYSTEMPATH\CodeIgniter.php(353): CodeIgniter\CodeIgniter->handleRequest(null, Object(Config\Cache), false)
 5 FCPATH\index.php(85): CodeIgniter\CodeIgniter->run()
CRITICAL - 2023-11-13 09:18:41 --> Undefined array key "id"
in APPPATH\Controllers\Account.php on line 107.
 1 APPPATH\Controllers\Account.php(107): CodeIgniter\Debug\Exceptions->errorHandler(2, 'Undefined array key "id"', 'C:\\laragon\\www\\backend\\app\\Controllers\\Account.php', 107)
 2 SYSTEMPATH\CodeIgniter.php(919): App\Controllers\Account->Login_Tourist()
 3 SYSTEMPATH\CodeIgniter.php(494): CodeIgniter\CodeIgniter->runController(Object(App\Controllers\Account))
 4 SYSTEMPATH\CodeIgniter.php(353): CodeIgniter\CodeIgniter->handleRequest(null, Object(Config\Cache), false)
 5 FCPATH\index.php(85): CodeIgniter\CodeIgniter->run()
CRITICAL - 2023-11-13 09:20:42 --> Attempt to read property "password" on null
in APPPATH\Controllers\Account.php on line 67.
 1 APPPATH\Controllers\Account.php(67): CodeIgniter\Debug\Exceptions->errorHandler(2, 'Attempt to read property "password" on null', 'C:\\laragon\\www\\backend\\app\\Controllers\\Account.php', 67)
 2 SYSTEMPATH\CodeIgniter.php(919): App\Controllers\Account->Login_Tourist()
 3 SYSTEMPATH\CodeIgniter.php(494): CodeIgniter\CodeIgniter->runController(Object(App\Controllers\Account))
 4 SYSTEMPATH\CodeIgniter.php(353): CodeIgniter\CodeIgniter->handleRequest(null, Object(Config\Cache), false)
 5 FCPATH\index.php(85): CodeIgniter\CodeIgniter->run()
CRITICAL - 2023-11-13 09:20:48 --> Undefined variable $temp_email
in APPPATH\Controllers\Account.php on line 69.
 1 APPPATH\Controllers\Account.php(69): CodeIgniter\Debug\Exceptions->errorHandler(2, 'Undefined variable $temp_email', 'C:\\laragon\\www\\backend\\app\\Controllers\\Account.php', 69)
 2 SYSTEMPATH\CodeIgniter.php(919): App\Controllers\Account->Login_Tourist()
 3 SYSTEMPATH\CodeIgniter.php(494): CodeIgniter\CodeIgniter->runController(Object(App\Controllers\Account))
 4 SYSTEMPATH\CodeIgniter.php(353): CodeIgniter\CodeIgniter->handleRequest(null, Object(Config\Cache), false)
 5 FCPATH\index.php(85): CodeIgniter\CodeIgniter->run()
CRITICAL - 2023-11-13 09:22:39 --> Undefined variable $temp_user
in APPPATH\Controllers\Account.php on line 68.
 1 APPPATH\Controllers\Account.php(68): CodeIgniter\Debug\Exceptions->errorHandler(2, 'Undefined variable $temp_user', 'C:\\laragon\\www\\backend\\app\\Controllers\\Account.php', 68)
 2 SYSTEMPATH\CodeIgniter.php(919): App\Controllers\Account->Login_Tourist()
 3 SYSTEMPATH\CodeIgniter.php(494): CodeIgniter\CodeIgniter->runController(Object(App\Controllers\Account))
 4 SYSTEMPATH\CodeIgniter.php(353): CodeIgniter\CodeIgniter->handleRequest(null, Object(Config\Cache), false)
 5 FCPATH\index.php(85): CodeIgniter\CodeIgniter->run()
CRITICAL - 2023-11-13 09:26:44 --> Undefined variable $temp_email
in APPPATH\Controllers\Account.php on line 69.
 1 APPPATH\Controllers\Account.php(69): CodeIgniter\Debug\Exceptions->errorHandler(2, 'Undefined variable $temp_email', 'C:\\laragon\\www\\backend\\app\\Controllers\\Account.php', 69)
 2 SYSTEMPATH\CodeIgniter.php(919): App\Controllers\Account->Login_Tourist()
 3 SYSTEMPATH\CodeIgniter.php(494): CodeIgniter\CodeIgniter->runController(Object(App\Controllers\Account))
 4 SYSTEMPATH\CodeIgniter.php(353): CodeIgniter\CodeIgniter->handleRequest(null, Object(Config\Cache), false)
 5 FCPATH\index.php(85): CodeIgniter\CodeIgniter->run()
